0 info it worked if it ends with ok
1 verbose cli [ '/usr/local/bin/node', '/usr/local/bin/npm', 'publish' ]
2 info using npm@2.14.4
3 info using node@v4.1.2
4 verbose publish [ '.' ]
5 silly cache add args [ '.', null ]
6 verbose cache add spec .
7 silly cache add parsed spec Result {
7 silly cache add   raw: '.',
7 silly cache add   scope: null,
7 silly cache add   name: null,
7 silly cache add   rawSpec: '.',
7 silly cache add   spec: '/Users/ryancopley/Projects/html-inline',
7 silly cache add   type: 'directory' }
8 verbose addLocalDirectory /Users/ryancopley/.npm/html-inline/0.0.1/package.tgz not in flight; packing
9 verbose tar pack [ '/Users/ryancopley/.npm/html-inline/0.0.1/package.tgz',
9 verbose tar pack   '/Users/ryancopley/Projects/html-inline' ]
10 verbose tarball /Users/ryancopley/.npm/html-inline/0.0.1/package.tgz
11 verbose folder /Users/ryancopley/Projects/html-inline
12 info prepublish html-inline@0.0.1
13 verbose addLocalTarball adding from inside cache /Users/ryancopley/.npm/html-inline/0.0.1/package.tgz
14 silly cache afterAdd html-inline@0.0.1
15 verbose afterAdd /Users/ryancopley/.npm/html-inline/0.0.1/package/package.json not in flight; writing
16 verbose afterAdd /Users/ryancopley/.npm/html-inline/0.0.1/package/package.json written
17 silly publish { name: 'html-inline',
17 silly publish   version: '0.0.1',
17 silly publish   description: 'Inline html files for portable documents',
17 silly publish   main: 'inliner.js',
17 silly publish   scripts: { test: 'npm test' },
17 silly publish   repository:
17 silly publish    { type: 'git',
17 silly publish      url: 'git+https://github.com/RyanCopley/html-inline.git' },
17 silly publish   author: { name: 'Ryan Copley', url: 'html-inline@ryancopley.com' },
17 silly publish   license: 'MIT',
17 silly publish   bugs: { url: 'https://github.com/RyanCopley/html-inline/issues' },
17 silly publish   homepage: 'https://github.com/RyanCopley/html-inline#readme',
17 silly publish   dependencies:
17 silly publish    { async: '^1.5.2',
17 silly publish      cheerio: '^0.20.0',
17 silly publish      'html-minifier': '^1.5.0',
17 silly publish      lodash: '^4.11.1',
17 silly publish      'mime-types': '^2.1.10',
17 silly publish      open: '0.0.5',
17 silly publish      request: '^2.72.0' },
17 silly publish   readme: '# html-inliner\n\nInlines all sorts of HTML stuff into a single page.',
17 silly publish   readmeFilename: 'README.md',
17 silly publish   gitHead: '186dc84927ded093823fabf7a6443f22d1402876',
17 silly publish   _id: 'html-inline@0.0.1',
17 silly publish   _shasum: 'faeafc3ed318cb9516217cb039f651212ad01b52',
17 silly publish   _from: '.' }
18 verbose getPublishConfig undefined
19 silly mapToRegistry name html-inline
20 silly mapToRegistry using default registry
21 silly mapToRegistry registry https://registry.npmjs.org/
22 silly mapToRegistry uri https://registry.npmjs.org/html-inline
23 verbose publish registryBase https://registry.npmjs.org/
24 silly publish uploading /Users/ryancopley/.npm/html-inline/0.0.1/package.tgz
25 verbose request uri https://registry.npmjs.org/html-inline
26 verbose request sending authorization for write operation
27 info attempt registry request try #1 at 2:32:46 PM
28 verbose request using bearer token for auth
29 verbose request id 4fd89de49a288da6
30 http request PUT https://registry.npmjs.org/html-inline
31 http 403 https://registry.npmjs.org/html-inline
32 verbose headers { 'content-type': 'application/json',
32 verbose headers   'cache-control': 'max-age=300',
32 verbose headers   'content-length': '105',
32 verbose headers   'accept-ranges': 'bytes',
32 verbose headers   date: 'Tue, 19 Apr 2016 18:32:47 GMT',
32 verbose headers   via: '1.1 varnish',
32 verbose headers   connection: 'keep-alive',
32 verbose headers   'x-served-by': 'cache-jfk1033-JFK',
32 verbose headers   'x-cache': 'MISS',
32 verbose headers   'x-cache-hits': '0',
32 verbose headers   'x-timer': 'S1461090766.712149,VS0,VE364',
32 verbose headers   vary: 'Accept-Encoding' }
33 verbose request invalidating /Users/ryancopley/.npm/registry.npmjs.org/html-inline on PUT
34 error publish Failed PUT 403
35 verbose stack Error: you do not have permission to publish "html-inline". Are you logged in as the correct user? : html-inline
35 verbose stack     at makeError (/usr/local/lib/node_modules/npm/node_modules/npm-registry-client/lib/request.js:263:12)
35 verbose stack     at CachingRegistryClient.<anonymous> (/usr/local/lib/node_modules/npm/node_modules/npm-registry-client/lib/request.js:251:14)
35 verbose stack     at Request._callback (/usr/local/lib/node_modules/npm/node_modules/npm-registry-client/lib/request.js:171:14)
35 verbose stack     at Request.self.callback (/usr/local/lib/node_modules/npm/node_modules/request/request.js:198:22)
35 verbose stack     at emitTwo (events.js:87:13)
35 verbose stack     at Request.emit (events.js:172:7)
35 verbose stack     at Request.<anonymous> (/usr/local/lib/node_modules/npm/node_modules/request/request.js:1073:14)
35 verbose stack     at emitOne (events.js:82:20)
35 verbose stack     at Request.emit (events.js:169:7)
35 verbose stack     at IncomingMessage.<anonymous> (/usr/local/lib/node_modules/npm/node_modules/request/request.js:1019:12)
36 verbose statusCode 403
37 verbose pkgid html-inline
38 verbose cwd /Users/ryancopley/Projects/html-inline
39 error Darwin 15.4.0
40 error argv "/usr/local/bin/node" "/usr/local/bin/npm" "publish"
41 error node v4.1.2
42 error npm  v2.14.4
43 error code E403
44 error you do not have permission to publish "html-inline". Are you logged in as the correct user? : html-inline
45 error If you need help, you may report this error at:
45 error     <https://github.com/npm/npm/issues>
46 verbose exit [ 1, true ]
